
		Noxim - the NoC Simulator
		(C) University of Catania


Info: (I804) /IEEE_Std_1666/deprecated: use of () to specify sensitivity is deprecated, use << instead

Info: (I804) /IEEE_Std_1666/deprecated: sc_sensitive_pos is deprecated use sc_sensitive << with pos() instead
Reset... done! Now running for 100000 cycles...
the processing element 44stops at 726372000.00000000
the processing element 63stops at 737917000.00000000
the processing element 68stops at 738177000.00000000
the processing element 55stops at 741027000.00000000
the processing element 9stops at 741362000.00000000
the processing element 79stops at 741592000.00000000
the processing element 113stops at 745062000.00000000
the processing element 54stops at 746747000.00000000
the processing element 18stops at 749752000.00000000
the processing element 89stops at 750837000.00000000
the processing element 87stops at 752467000.00000000
the processing element 66stops at 754952000.00000000
the processing element 100stops at 760567000.00000000
the processing element 76stops at 762372000.00000000
the processing element 57stops at 765002000.00000000
the processing element 7stops at 768997000.00000000
the processing element 74stops at 772287000.00000000
the processing element 51stops at 773867000.00000000
the processing element 125stops at 774422000.00000000
the processing element 20stops at 776627000.00000000
the processing element 29stops at 777142000.00000000
the processing element 40stops at 780057000.00000000
the processing element 41stops at 780412000.00000000
the processing element 53stops at 780677000.00000000
the processing element 33stops at 781332000.00000000
the processing element 43stops at 783332000.00000000
the processing element 99stops at 785607000.00000000
the processing element 98stops at 785747000.00000000
the processing element 70stops at 786872000.00000000
the processing element 90stops at 787547000.00000000
the processing element 31stops at 788737000.00000000
the processing element 62stops at 790367000.00000000
the processing element 42stops at 792672000.00000000
the processing element 85stops at 794617000.00000000
the processing element 94stops at 795367000.00000000
the processing element 56stops at 795672000.00000000
the processing element 92stops at 796322000.00000000
the processing element 102stops at 798022000.00000000
the processing element 67stops at 798782000.00000000
the processing element 46stops at 799347000.00000000
the processing element 17stops at 799932000.00000000
the processing element 75stops at 801072000.00000000
the processing element 77stops at 801392000.00000000
the processing element 80stops at 801757000.00000000
the processing element 81stops at 802137000.00000000
the processing element 88stops at 802437000.00000000
the processing element 111stops at 803547000.00000000
the processing element 86stops at 803717000.00000000
the processing element 22stops at 804292000.00000000
the processing element 19stops at 804847000.00000000
the processing element 115stops at 804897000.00000000
the processing element 137stops at 805017000.00000000
the processing element 101stops at 806657000.00000000
the processing element 30stops at 806722000.00000000
the processing element 121stops at 807287000.00000000
the processing element 124stops at 808102000.00000000
the processing element 110stops at 808562000.00000000
the processing element 50stops at 808642000.00000000
the processing element 5stops at 809007000.00000000
the processing element 61stops at 809467000.00000000
the processing element 84stops at 809982000.00000000
the processing element 48stops at 810017000.00000000
the processing element 97stops at 810472000.00000000
the processing element 105stops at 810637000.00000000
the processing element 59stops at 811932000.00000000
the processing element 103stops at 812152000.00000000
the processing element 58stops at 812407000.00000000
the processing element 112stops at 812937000.00000000
the processing element 64stops at 813162000.00000000
the processing element 32stops at 813737000.00000000
the processing element 2stops at 814102000.00000000
the processing element 16stops at 817012000.00000000
the processing element 138stops at 817072000.00000000
the processing element 21stops at 817942000.00000000
the processing element 3stops at 818677000.00000000
the processing element 114stops at 820037000.00000000
the processing element 14stops at 820197000.00000000
the processing element 93stops at 820417000.00000000
the processing element 45stops at 820482000.00000000
the processing element 134stops at 822077000.00000000
the processing element 106stops at 822432000.00000000
the processing element 37stops at 823722000.00000000
the processing element 123stops at 824387000.00000000
the processing element 83stops at 825412000.00000000
the processing element 108stops at 825507000.00000000
the processing element 128stops at 825682000.00000000
the processing element 109stops at 826442000.00000000
the processing element 35stops at 826502000.00000000
the processing element 126stops at 826702000.00000000
the processing element 122stops at 826727000.00000000
the processing element 140stops at 827757000.00000000
the processing element 69stops at 827967000.00000000
the processing element 127stops at 828467000.00000000
the processing element 96stops at 829362000.00000000
the processing element 118stops at 829442000.00000000
the processing element 135stops at 830617000.00000000
the processing element 139stops at 830802000.00000000
the processing element 34stops at 831622000.00000000
the processing element 6stops at 832722000.00000000
the processing element 47stops at 832947000.00000000
the processing element 28stops at 833047000.00000000
the processing element 136stops at 833697000.00000000
the processing element 27stops at 834832000.00000000
the processing element 10stops at 837097000.00000000
the processing element 60stops at 837397000.00000000
the processing element 38stops at 838592000.00000000
the processing element 8stops at 839497000.00000000
the processing element 72stops at 839617000.00000000
the processing element 24stops at 840457000.00000000
the processing element 49stops at 840692000.00000000
the processing element 82stops at 841192000.00000000
the processing element 95stops at 841432000.00000000
the processing element 132stops at 841537000.00000000
the processing element 120stops at 841747000.00000000
the processing element 73stops at 842327000.00000000
the processing element 25stops at 842912000.00000000
the processing element 107stops at 843477000.00000000
the processing element 141stops at 843517000.00000000
the processing element 116stops at 843572000.00000000
the processing element 15stops at 843887000.00000000

Info: /OSCI/SystemC: Simulation stopped by user.
Noxim simulation completed.
 ( 843887.00000000 cycles executed)
% Total received packets: 836233
% Total received flits: 2926827
% Global average throughput (flits/cycle): 0.07276796
% Throughput (flits/cycle/IP): 0.20345533
% Max delay (cycles): 4562.00000000
% Total energy (J): 3.5418335121e-04
% received flits to slice 0 2927178
% transmitted flits from slice 0 2927225
% average delay of slice 0 1.3803061587e+02

Info: (I804) /IEEE_Std_1666/deprecated: You can turn off warnings about
             IEEE 1666 deprecated features by placing this method call
             as the first statement in your sc_main() function:

  sc_core::sc_report_handler::set_actions( "/IEEE_Std_1666/deprecated",
                                           sc_core::SC_DO_NOTHING );

