0.301239
0.172354
0.159313
0.149533
0.134862
0.119213
0.107151
0.0882417
0.074549
0.0530319
0.0360791
0.0191263
0.136492
0.0266246
0.0310802
0.0336883
0.0379265
0.0340143
0.0434688
0.0317322
0.0395566
0.0252119
0.0226038
0.0199957
0.126603
0.0304282
0.0296675
0.0345577
0.0423821
0.0348837
0.0515105
0.0326016
0.0475983
0.0260813
0.0234732
0.020865
0.116714
0.0312975
0.0319496
0.0314062
0.0468376
0.0357531
0.0595523
0.033471
0.0556401
0.0269507
0.0243425
0.0217344
0.109867
0.0399913
0.0454249
0.0525973
0.12932
0.06792
0.09411
0.0560748
0.0806346
0.0399913
0.0326016
0.0252119
0.0978048
0.0339057
0.0345577
0.0365138
0.060639
0.0357531
0.0756357
0.0352097
0.0717235
0.0286894
0.0260813
0.0234732
0.0913932
0.0478157
0.0580309
0.068246
0.0983482
0.0886764
0.223973
0.0747664
0.109324
0.0499891
0.0382526
0.026516
0.074549
0.0321669
0.032819
0.033471
0.0504238
0.034775
0.0657466
0.0284721
0.0821561
0.0247772
0.0221691
0.019561
0.0642252
0.0412954
0.0506412
0.0595523
0.081178
0.0772658
0.109324
0.0908498
0.19311
0.040426
0.0299935
0.0186916
0.0439035
0.0226038
0.0232558
0.0234732
0.0332536
0.0245599
0.0412954
0.0217344
0.0273854
0.00999783
0.0108672
0.00825907
0.0296675
0.0191263
0.0197783
0.0199957
0.02619
0.0209737
0.0306455
0.0182569
0.0176049
0.00901978
0.00412954
0.00412954
0.0154314
0.0153228
0.0156488
0.0159748
0.0181482
0.0154314
0.0172789
0.0113019
0.00923712
0.00608563
0.00412954
0
0.301239
0.172354
0.159313
0.149533
0.134862
0.119213
0.107151
0.0882417
0.074549
0.0530319
0.0360791
0.0191263
0.136492
0.0266246
0.0310802
0.0336883
0.0379265
0.0340143
0.0434688
0.0317322
0.0395566
0.0252119
0.0226038
0.0199957
0.126603
0.0304282
0.0296675
0.0345577
0.0423821
0.0348837
0.0515105
0.0326016
0.0475983
0.0260813
0.0234732
0.020865
0.116714
0.0312975
0.0319496
0.0314062
0.0468376
0.0357531
0.0595523
0.033471
0.0556401
0.0269507
0.0243425
0.0217344
0.109867
0.0399913
0.0454249
0.0525973
0.12932
0.06792
0.09411
0.0560748
0.0806346
0.0399913
0.0326016
0.0252119
0.0978048
0.0339057
0.0345577
0.0365138
0.060639
0.0357531
0.0756357
0.0352097
0.0717235
0.0286894
0.0260813
0.0234732
0.0913932
0.0478157
0.0580309
0.068246
0.0983482
0.0886764
0.223973
0.0747664
0.109324
0.0499891
0.0382526
0.026516
0.074549
0.0321669
0.032819
0.033471
0.0504238
0.034775
0.0657466
0.0284721
0.0821561
0.0247772
0.0221691
0.019561
0.0642252
0.0412954
0.0506412
0.0595523
0.081178
0.0772658
0.109324
0.0908498
0.19311
0.040426
0.0299935
0.0186916
0.0439035
0.0226038
0.0232558
0.0234732
0.0332536
0.0245599
0.0412954
0.0217344
0.0273854
0.00999783
0.0108672
0.00825907
0.0296675
0.0191263
0.0197783
0.0199957
0.02619
0.0209737
0.0306455
0.0182569
0.0176049
0.00901978
0.00412954
0.00412954
0.0154314
0.0153228
0.0156488
0.0159748
0.0181482
0.0154314
0.0172789
0.0113019
0.00923712
0.00608563
0.00412954
0
0.301239
0.172354
0.159313
0.149533
0.134862
0.119213
0.107151
0.0882417
0.074549
0.0530319
0.0360791
0.0191263
0.136492
0.0266246
0.0310802
0.0336883
0.0379265
0.0340143
0.0434688
0.0317322
0.0395566
0.0252119
0.0226038
0.0199957
0.126603
0.0304282
0.0296675
0.0345577
0.0423821
0.0348837
0.0515105
0.0326016
0.0475983
0.0260813
0.0234732
0.020865
0.116714
0.0312975
0.0319496
0.0314062
0.0468376
0.0357531
0.0595523
0.033471
0.0556401
0.0269507
0.0243425
0.0217344
0.109867
0.0399913
0.0454249
0.0525973
0.12932
0.06792
0.09411
0.0560748
0.0806346
0.0399913
0.0326016
0.0252119
0.0978048
0.0339057
0.0345577
0.0365138
0.060639
0.0357531
0.0756357
0.0352097
0.0717235
0.0286894
0.0260813
0.0234732
0.0913932
0.0478157
0.0580309
0.068246
0.0983482
0.0886764
0.223973
0.0747664
0.109324
0.0499891
0.0382526
0.026516
0.074549
0.0321669
0.032819
0.033471
0.0504238
0.034775
0.0657466
0.0284721
0.0821561
0.0247772
0.0221691
0.019561
0.0642252
0.0412954
0.0506412
0.0595523
0.081178
0.0772658
0.109324
0.0908498
0.19311
0.040426
0.0299935
0.0186916
0.0439035
0.0226038
0.0232558
0.0234732
0.0332536
0.0245599
0.0412954
0.0217344
0.0273854
0.00999783
0.0108672
0.00825907
0.0296675
0.0191263
0.0197783
0.0199957
0.02619
0.0209737
0.0306455
0.0182569
0.0176049
0.00901978
0.00412954
0.00412954
0.0154314
0.0153228
0.0156488
0.0159748
0.0181482
0.0154314
0.0172789
0.0113019
0.00923712
0.00608563
0.00412954
0
0.244017
0.155626
0.153554
0.1518
0.14029
0.134391
0.1185
0.113247
0.09037
0.0797829
0.0538486
0.0431179
0.132739
0.241554
0.180812
0.177509
0.170266
0.167681
0.146865
0.138104
0.119269
0.100896
0.0815987
0.0565569
0.143501
0.142198
0.250356
0.191666
0.171199
0.17639
0.152785
0.15259
0.128225
0.119844
0.0931399
0.079034
0.135222
0.147214
0.15856
0.285421
0.19659
0.190394
0.17954
0.162264
0.147348
0.131652
0.110929
0.0943197
0.141305
0.1506
0.174215
0.19976
0.261241
0.208377
0.185336
0.185018
0.159545
0.158355
0.117187
0.10861
0.128143
0.142403
0.162449
0.191296
0.197472
0.316352
0.20493
0.198221
0.178852
0.16804
0.132154
0.114889
0.120131
0.129405
0.157514
0.172933
0.190199
0.199319
0.267089
0.184177
0.170933
0.158191
0.133939
0.116284
0.114848
0.135601
0.163649
0.179099
0.187613
0.196385
0.192025
0.277748
0.183407
0.160982
0.134986
0.118961
0.0915293
0.105686
0.123588
0.143511
0.160325
0.165444
0.172984
0.186167
0.255127
0.163023
0.13675
0.12287
0.0750536
0.100075
0.128707
0.142136
0.166696
0.16645
0.172718
0.179386
0.190948
0.272608
0.130821
0.128923
0.0544026
0.0706731
0.0940222
0.105543
0.114683
0.122901
0.132134
0.133396
0.143213
0.134586
0.203381
0.108231
0.0285503
0.0463289
0.0651949
0.0843071
0.0954584
0.108138
0.113299
0.120746
0.133714
0.127733
0.128625
0.203453
0.238864
0.15752
0.156291
0.153766
0.149204
0.141376
0.131073
0.118296
0.101444
0.0828255
0.0590553
0.0361941
0.131528
0.24314
0.16853
0.167738
0.164792
0.157907
0.148312
0.137992
0.12173
0.105889
0.0813609
0.0599643
0.137655
0.149843
0.245429
0.178984
0.177368
0.171728
0.162856
0.154574
0.13875
0.125518
0.101343
0.0807717
0.140921
0.154119
0.166207
0.279317
0.20097
0.19496
0.184405
0.175331
0.156897
0.14444
0.118784
0.0983637
0.141241
0.156022
0.16986
0.192064
0.300007
0.21038
0.199387
0.191744
0.171728
0.159759
0.132285
0.110889
0.136931
0.152688
0.166998
0.187536
0.204522
0.305276
0.20969
0.203478
0.182772
0.171156
0.142184
0.120484
0.128548
0.145231
0.1605
0.180684
0.197704
0.208697
0.298508
0.208427
0.18831
0.179051
0.14912
0.127454
0.118279
0.136612
0.153985
0.17459
0.193142
0.206374
0.216491
0.321588
0.197165
0.186728
0.154372
0.131309
0.103818
0.121528
0.138463
0.157469
0.17454
0.187654
0.19735
0.206845
0.287011
0.183529
0.151577
0.129743
0.0855863
0.106781
0.125838
0.145281
0.162688
0.176375
0.187502
0.198024
0.20102
0.295781
0.148749
0.124945
0.0615636
0.0825225
0.101226
0.117908
0.133346
0.144928
0.154119
0.161846
0.163968
0.165971
0.23282
0.114727
0.035285
0.0577758
0.0766304
0.09365
0.107808
0.119575
0.127622
0.134743
0.137403
0.139204
0.135837
0.200465
0.286358
0.19113
0.194413
0.192675
0.188266
0.179238
0.166766
0.149194
0.130405
0.104944
0.0789371
0.0487091
0.161208
0.317788
0.222819
0.223049
0.21964
0.209603
0.197571
0.181809
0.161728
0.138273
0.110947
0.0818688
0.174059
0.20254
0.374835
0.263917
0.25969
0.248179
0.235238
0.218727
0.196466
0.170884
0.141896
0.111522
0.180284
0.209611
0.242677
0.39778
0.281727
0.2697
0.258411
0.241547
0.218811
0.194827
0.165007
0.134821
0.182054
0.21175
0.244125
0.266847
0.420484
0.29155
0.276523
0.260932
0.238167
0.214145
0.183278
0.154041
0.178945
0.209293
0.240636
0.264766
0.290059
0.432648
0.294102
0.27751
0.254892
0.230469
0.198498
0.168137
0.170414
0.200789
0.231582
0.255378
0.279063
0.292121
0.426032
0.285097
0.263231
0.238206
0.207038
0.175973
0.154393
0.183373
0.215992
0.238737
0.26303
0.27591
0.291391
0.416988
0.265982
0.240607
0.208355
0.178699
0.135443
0.164357
0.195249
0.218591
0.240554
0.254785
0.268897
0.275318
0.389597
0.238097
0.205762
0.177203
0.110285
0.140371
0.171434
0.194791
0.216096
0.228567
0.243418
0.251261
0.254917
0.364078
0.198716
0.169921
0.0809006
0.109998
0.140128
0.163459
0.182396
0.197023
0.209658
0.21756
0.219983
0.222407
0.316491
0.158935
0.0471307
0.077758
0.106121
0.12984
0.150028
0.165085
0.177576
0.186531
0.190418
0.192419
0.18941
0.282684
0
0
0
0
0
5.89865e-320
0
0
0
0
0
0
0
0
0
0
0
0
0
0
0
0
0
0
0
0
0
0
0
0
0
0
0
0
0
0
0
0
0
0
0
0
0
0
0
0
0
0
0
0
0
0
0
0
0
0
0
0
0
0
0
0
0
0
0
0
0
0
0
0
0
0
0
0
6.06861e-320
0
0
0
0
0
0
0
0
0
0
0
0
0
0
0
0
0
0
0
0
0
0
0
0
0
0
0
0
0
0
0
0
0
0
0
0
0
0
0
0
0
0
0
0
0
0
0
0
0
0
0
0
0
0
0
0
0
0
0
0
0
0
0
0
0
0
0
0
0
