node: 123 matching clock cycle 4685.00000000, pushing packet into request queue 
the processing element 123stops at 4886000.00000000
the processing element 87stops at 4934000.00000000
the processing element 91stops at 4934000.00000000
the processing element 93stops at 4966000.00000000
the processing element 75stops at 4970000.00000000
the processing element 78stops at 5006000.00000000
the processing element 105stops at 5010000.00000000
the processing element 60stops at 5066000.00000000
the processing element 95stops at 5070000.00000000
the processing element 77stops at 5090000.00000000
the processing element 107stops at 5114000.00000000
the processing element 80stops at 5126000.00000000
the processing element 79stops at 5258000.00000000
the processing element 82stops at 5454000.00000000
the processing element 61stops at 5510000.00000000
the processing element 81stops at 5510000.00000000
the processing element 83stops at 5550000.00000000
the processing element 62stops at 5582000.00000000
the processing element 64stops at 5638000.00000000
the processing element 63stops at 5706000.00000000
the processing element 66stops at 5726000.00000000
the processing element 65stops at 5746000.00000000
the processing element 48stops at 5750000.00000000
the processing element 36stops at 5806000.00000000
the processing element 49stops at 5830000.00000000
the processing element 68stops at 5846000.00000000
the processing element 52stops at 5930000.00000000
the processing element 24stops at 5938000.00000000
the processing element 50stops at 6002000.00000000
the processing element 67stops at 6058000.00000000
the processing element 37stops at 6106000.00000000
the processing element 38stops at 6118000.00000000
the processing element 26stops at 6202000.00000000
the processing element 12stops at 6230000.00000000
the processing element 14stops at 6278000.00000000
the processing element 0stops at 6334000.00000000
the processing element 4stops at 6418000.00000000
the processing element 1stops at 6462000.00000000
the processing element 25stops at 6470000.00000000
the processing element 51stops at 6470000.00000000
the processing element 3stops at 6502000.00000000
the processing element 54stops at 6522000.00000000
the processing element 6stops at 6554000.00000000
the processing element 40stops at 6646000.00000000
the processing element 70stops at 6674000.00000000
the processing element 69stops at 6706000.00000000
the processing element 28stops at 6746000.00000000
the processing element 53stops at 6782000.00000000
the processing element 71stops at 6810000.00000000
the processing element 13stops at 6874000.00000000
the processing element 5stops at 6942000.00000000
the processing element 42stops at 6942000.00000000
the processing element 39stops at 7050000.00000000
the processing element 41stops at 7102000.00000000
the processing element 56stops at 7106000.00000000
the processing element 8stops at 7170000.00000000
the processing element 55stops at 7210000.00000000
the processing element 27stops at 7246000.00000000
the processing element 7stops at 7254000.00000000
the processing element 2stops at 7290000.00000000
the processing element 44stops at 7342000.00000000
the processing element 58stops at 7394000.00000000
the processing element 16stops at 7430000.00000000
the processing element 43stops at 7454000.00000000
the processing element 30stops at 7514000.00000000
the processing element 57stops at 7558000.00000000
the processing element 10stops at 7594000.00000000
the processing element 29stops at 7618000.00000000
the processing element 9stops at 7634000.00000000
the processing element 46stops at 7658000.00000000
the processing element 15stops at 7710000.00000000
the processing element 45stops at 7714000.00000000
the processing element 18stops at 7742000.00000000
the processing element 32stops at 7746000.00000000
the processing element 17stops at 7778000.00000000

Info: /OSCI/SystemC: Simulation stopped by user.
Noxim simulation completed.
 ( 7778.00000000 cycles executed)
% Total received packets: 2063
% Total received flits: 7217
% Global average throughput (flits/cycle): 0.10249543
% Throughput (flits/cycle/IP): 0.00104699
% Max delay (cycles): 3229.00000000
% Total energy (J): 3.2799027800e-06
% received flits to slice 0 3114
% transmitted flits from slice 0 3142
% average delay of slice 0 3.1771772640e+02
% received flits to slice 1 4103
% transmitted flits from slice 1 4139
% average delay of slice 1 3.9279024390e+02

Info: (I804) /IEEE_Std_1666/deprecated: You can turn off warnings about
             IEEE 1666 deprecated features by placing this method call
             as the first statement in your sc_main() function:

  sc_core::sc_report_handler::set_actions( "/IEEE_Std_1666/deprecated",
                                           sc_core::SC_DO_NOTHING );

