the processing element 31stops at 61522000.00000000
the processing element 99stops at 61646000.00000000
the processing element 96stops at 62162000.00000000
the processing element 74stops at 62310000.00000000
the processing element 49stops at 62502000.00000000
the processing element 114stops at 62534000.00000000
the processing element 98stops at 62542000.00000000
the processing element 118stops at 62618000.00000000
the processing element 35stops at 62870000.00000000
the processing element 51stops at 63038000.00000000
the processing element 27stops at 63042000.00000000
the processing element 92stops at 63550000.00000000
the processing element 102stops at 64222000.00000000
the processing element 19stops at 64398000.00000000
the processing element 57stops at 64442000.00000000
the processing element 58stops at 64794000.00000000
the processing element 86stops at 65234000.00000000
the processing element 9stops at 65694000.00000000
the processing element 33stops at 65838000.00000000
the processing element 107stops at 66414000.00000000
the processing element 94stops at 66874000.00000000
the processing element 110stops at 66958000.00000000
the processing element 97stops at 67138000.00000000
the processing element 41stops at 67766000.00000000
the processing element 43stops at 67854000.00000000
the processing element 32stops at 67878000.00000000
the processing element 59stops at 67882000.00000000
the processing element 100stops at 68366000.00000000
the processing element 64stops at 68806000.00000000
the processing element 0stops at 68838000.00000000
the processing element 40stops at 68858000.00000000
the processing element 112stops at 69166000.00000000
the processing element 8stops at 69202000.00000000
the processing element 29stops at 69510000.00000000
the processing element 129stops at 70698000.00000000
the processing element 82stops at 70930000.00000000
the processing element 4stops at 71658000.00000000
the processing element 26stops at 71718000.00000000
the processing element 71stops at 71966000.00000000
the processing element 16stops at 72262000.00000000
the processing element 66stops at 72398000.00000000
the processing element 11stops at 72466000.00000000
the processing element 109stops at 72562000.00000000
the processing element 80stops at 72886000.00000000
the processing element 34stops at 72990000.00000000
the processing element 3stops at 73242000.00000000
the processing element 65stops at 73478000.00000000
the processing element 75stops at 73866000.00000000
the processing element 45stops at 75314000.00000000
the processing element 61stops at 75354000.00000000
the processing element 17stops at 76078000.00000000
the processing element 20stops at 76242000.00000000
the processing element 54stops at 76494000.00000000
the processing element 68stops at 76670000.00000000
the processing element 42stops at 76794000.00000000
the processing element 81stops at 76882000.00000000
the processing element 44stops at 77198000.00000000
the processing element 69stops at 77490000.00000000
the processing element 2stops at 78090000.00000000
the processing element 18stops at 78574000.00000000
the processing element 28stops at 78582000.00000000
the processing element 101stops at 78682000.00000000
the processing element 103stops at 78706000.00000000
the processing element 60stops at 80362000.00000000
the processing element 63stops at 80610000.00000000
the processing element 62stops at 80890000.00000000
the processing element 15stops at 82662000.00000000
the processing element 84stops at 83330000.00000000
the processing element 13stops at 83358000.00000000
the processing element 79stops at 83834000.00000000
the processing element 48stops at 84278000.00000000
the processing element 30stops at 84510000.00000000
the processing element 78stops at 84970000.00000000
the processing element 95stops at 85322000.00000000
the processing element 36stops at 85398000.00000000
the processing element 52stops at 85498000.00000000

Info: /OSCI/SystemC: Simulation stopped by user.
Noxim simulation completed.
 ( 85498.00000000 cycles executed)
% Total received packets: 66295
% Total received flits: 232036
% Global average throughput (flits/cycle): 0.07052614
% Throughput (flits/cycle/IP): 0.03225948
% Max delay (cycles): 3181.00000000
% Total energy (J): 1.0077393435e-04
% received flits to slice 0 99460
% transmitted flits from slice 0 99473
% average delay of slice 0 7.3585847008e+01
% received flits to slice 1 132576
% transmitted flits from slice 1 132614
% average delay of slice 1 1.5437111909e+02

Info: (I804) /IEEE_Std_1666/deprecated: You can turn off warnings about
             IEEE 1666 deprecated features by placing this method call
             as the first statement in your sc_main() function:

  sc_core::sc_report_handler::set_actions( "/IEEE_Std_1666/deprecated",
                                           sc_core::SC_DO_NOTHING );

