
		Noxim - the NoC Simulator
		(C) University of Catania


Info: (I804) /IEEE_Std_1666/deprecated: use of () to specify sensitivity is deprecated, use << instead

Info: (I804) /IEEE_Std_1666/deprecated: sc_sensitive_pos is deprecated use sc_sensitive << with pos() instead
Reset... done! Now running for 100000 cycles...
the processing element 9stops at 3872000.00000000
the processing element 1stops at 3957000.00000000
the processing element 7stops at 4034000.00000000
the processing element 5stops at 4038000.00000000
the processing element 11stops at 4121000.00000000
the processing element 3stops at 4358000.00000000
the processing element 24stops at 4601000.00000000
the processing element 14stops at 4682000.00000000
the processing element 16stops at 4844000.00000000
the processing element 18stops at 5573000.00000000
the processing element 2stops at 5658000.00000000
the processing element 4stops at 5816000.00000000
the processing element 8stops at 6140000.00000000
the processing element 6stops at 6144000.00000000
the processing element 10stops at 6221000.00000000
the processing element 37stops at 6626000.00000000
the processing element 15stops at 6869000.00000000
the processing element 20stops at 7112000.00000000
the processing element 17stops at 7116000.00000000
the processing element 12stops at 7201000.00000000
the processing element 19stops at 7276000.00000000
the processing element 21stops at 7355000.00000000
the processing element 22stops at 7359000.00000000
the processing element 27stops at 7442000.00000000
the processing element 25stops at 7521000.00000000
the processing element 23stops at 7760000.00000000
the processing element 28stops at 8003000.00000000
the processing element 29stops at 8084000.00000000
the processing element 31stops at 8246000.00000000
the processing element 30stops at 8408000.00000000
the processing element 32stops at 8489000.00000000
the processing element 36stops at 8497000.00000000
the processing element 33stops at 8576000.00000000
the processing element 38stops at 8659000.00000000
the processing element 34stops at 8734000.00000000
the processing element 35stops at 8738000.00000000
the processing element 40stops at 8896000.00000000
the processing element 42stops at 9137000.00000000
the processing element 48stops at 9222000.00000000
the processing element 41stops at 9299000.00000000
the processing element 44stops at 9380000.00000000
the processing element 43stops at 9542000.00000000
the processing element 45stops at 9704000.00000000
the processing element 46stops at 9708000.00000000

Info: /OSCI/SystemC: Simulation stopped by user.
Noxim simulation completed.
 ( 9708.00000000 cycles executed)
% Total received packets: 1122
% Global average throughput (flits/cycle): 0.14285474
% Throughput (flits/cycle/IP): 0.00604605
% Max delay (cycles): 2377.00000000
% Total energy (J): 6.7735626396e-07
% received flits to slice 0 1812
% transmitted flits from slice 0 1828
% average delay of slice 0 3.0107450331e+02
% received flits to slice 1 2074
% transmitted flits from slice 1 2207
% average delay of slice 1 5.5661969112e+02

Info: (I804) /IEEE_Std_1666/deprecated: You can turn off warnings about
             IEEE 1666 deprecated features by placing this method call
             as the first statement in your sc_main() function:

  sc_core::sc_report_handler::set_actions( "/IEEE_Std_1666/deprecated",
                                           sc_core::SC_DO_NOTHING );

